<?xml version="1.0" encoding="UTF-8"?>
<!-- Generated by org.testng.reporters.JUnitReportReporter -->
<testsuite hostname="DESKTOP-GT53KVG" failures="0" tests="2" name="TeamJava.TodayLearning.MyTest" time="0.010" errors="0" timestamp="2021-10-03T16:50:38 IST" skipped="0">
  <testcase classname="TeamJava.TodayLearning.MyTest" name="SeleTest" time="0.001"/>
  <system-out/>
  <testcase classname="TeamJava.TodayLearning.MyTest" name="APITest" time="0.009"/>
  <system-out/>
</testsuite> <!-- TeamJava.TodayLearning.MyTest -->
