<?xml version="1.0" encoding="UTF-8"?>
<!-- Generated by org.testng.reporters.JUnitReportReporter -->
<testsuite hostname="DESKTOP-GT53KVG" failures="0" tests="1" name="TeamJava.TodayLearning.AppTest" time="0.010" errors="0" timestamp="2021-10-03T16:50:38 IST" skipped="0">
  <testcase classname="TeamJava.TodayLearning.AppTest" name="shouldAnswerWithTrue" time="0.010"/>
  <system-out/>
</testsuite> <!-- TeamJava.TodayLearning.AppTest -->
