<?xml version="1.0" encoding="UTF-8"?>
<!-- Generated by org.testng.reporters.JUnitReportReporter -->
<testsuite hostname="DESKTOP-GT53KVG" failures="0" tests="2" name="TeamJava.TodayLearning.MyTest" time="1.449" errors="0" timestamp="2021-10-03T21:03:40 IST" skipped="0">
  <testcase classname="TeamJava.TodayLearning.MyTest" name="APITest" time="0.011"/>
  <system-out/>
  <testcase classname="TeamJava.TodayLearning.MyTest" name="SeleTest" time="1.438"/>
  <system-out/>
</testsuite> <!-- TeamJava.TodayLearning.MyTest -->
