<?xml version="1.0" encoding="UTF-8"?>
<!-- Generated by org.testng.reporters.JUnitReportReporter -->
<testsuite hostname="DESKTOP-GT53KVG" failures="0" tests="2" name="TeamJava.TodayLearning.MyTest" time="0.012" errors="0" timestamp="2021-10-03T18:11:00 IST" skipped="0">
  <testcase classname="TeamJava.TodayLearning.MyTest" name="SeleTest" time="0.002"/>
  <system-out/>
  <testcase classname="TeamJava.TodayLearning.MyTest" name="APITest" time="0.010"/>
  <system-out/>
</testsuite> <!-- TeamJava.TodayLearning.MyTest -->
